2025-08-21T14:14:44.394036+00:00 ERROR 'ansible_navigator.image_manager.puller._log_message' Execution environment pull failed
2025-08-21T14:15:23.007954+00:00 ERROR 'ansible_navigator.actions.collections._parse' /usr/share/ansible/collections/ansible_collections/ansible/network/roles/resource_manager/meta/argument_specs.yml Failed to find argument_specs.yml for role in ansible.network.
2025-08-21T14:15:23.008474+00:00 ERROR 'ansible_navigator.actions.collections._parse' /usr/share/ansible/collections/ansible_collections/ansible/network/roles/resource_manager/meta/main.yml Failed to find main.yml for role in ansible.network.
2025-08-21T14:15:23.008529+00:00 ERROR 'ansible_navigator.actions.collections._parse' /usr/share/ansible/collections/ansible_collections/redhat/insights/roles/compliance/meta/argument_specs.yml Failed to find argument_specs.yml for role in redhat.insights.
2025-08-21T14:15:23.008562+00:00 ERROR 'ansible_navigator.actions.collections._parse' /usr/share/ansible/collections/ansible_collections/redhat/insights/roles/insights_client/meta/argument_specs.yml Failed to find argument_specs.yml for role in redhat.insights.
2025-08-21T14:15:23.008591+00:00 ERROR 'ansible_navigator.actions.collections._parse' /usr/share/ansible/collections/ansible_collections/redhat/rhv/roles/cluster_upgrade/meta/argument_specs.yml Failed to find argument_specs.yml for role in redhat.rhv.
2025-08-21T14:15:23.008619+00:00 ERROR 'ansible_navigator.actions.collections._parse' /usr/share/ansible/collections/ansible_collections/redhat/rhv/roles/cluster_upgrade/meta/main.yml Failed to find main.yml for role in redhat.rhv.
2025-08-21T14:15:23.008646+00:00 ERROR 'ansible_navigator.actions.collections._parse' /usr/share/ansible/collections/ansible_collections/redhat/rhv/roles/disaster_recovery/meta/argument_specs.yml Failed to find argument_specs.yml for role in redhat.rhv.
2025-08-21T14:15:23.008741+00:00 ERROR 'ansible_navigator.actions.collections._parse' /usr/share/ansible/collections/ansible_collections/redhat/rhv/roles/disaster_recovery/meta/main.yml Failed to find main.yml for role in redhat.rhv.
2025-08-21T14:15:23.008771+00:00 ERROR 'ansible_navigator.actions.collections._parse' /usr/share/ansible/collections/ansible_collections/redhat/rhv/roles/engine_setup/meta/argument_specs.yml Failed to find argument_specs.yml for role in redhat.rhv.
2025-08-21T14:15:23.008796+00:00 ERROR 'ansible_navigator.actions.collections._parse' /usr/share/ansible/collections/ansible_collections/redhat/rhv/roles/engine_setup/meta/main.yml Failed to find main.yml for role in redhat.rhv.
2025-08-21T14:15:23.008822+00:00 ERROR 'ansible_navigator.actions.collections._parse' /usr/share/ansible/collections/ansible_collections/redhat/rhv/roles/hosted_engine_setup/meta/argument_specs.yml Failed to find argument_specs.yml for role in redhat.rhv.
2025-08-21T14:15:23.008847+00:00 ERROR 'ansible_navigator.actions.collections._parse' /usr/share/ansible/collections/ansible_collections/redhat/rhv/roles/hosted_engine_setup/meta/main.yml Failed to find main.yml for role in redhat.rhv.
2025-08-21T14:15:23.008871+00:00 ERROR 'ansible_navigator.actions.collections._parse' /usr/share/ansible/collections/ansible_collections/redhat/rhv/roles/image_template/meta/argument_specs.yml Failed to find argument_specs.yml for role in redhat.rhv.
2025-08-21T14:15:23.008895+00:00 ERROR 'ansible_navigator.actions.collections._parse' /usr/share/ansible/collections/ansible_collections/redhat/rhv/roles/image_template/meta/main.yml Failed to find main.yml for role in redhat.rhv.
2025-08-21T14:15:23.008919+00:00 ERROR 'ansible_navigator.actions.collections._parse' /usr/share/ansible/collections/ansible_collections/redhat/rhv/roles/infra/meta/argument_specs.yml Failed to find argument_specs.yml for role in redhat.rhv.
2025-08-21T14:15:23.008943+00:00 ERROR 'ansible_navigator.actions.collections._parse' /usr/share/ansible/collections/ansible_collections/redhat/rhv/roles/infra/meta/main.yml Failed to find main.yml for role in redhat.rhv.
2025-08-21T14:15:23.008968+00:00 ERROR 'ansible_navigator.actions.collections._parse' /usr/share/ansible/collections/ansible_collections/redhat/rhv/roles/manageiq/meta/argument_specs.yml Failed to find argument_specs.yml for role in redhat.rhv.
2025-08-21T14:15:23.009001+00:00 ERROR 'ansible_navigator.actions.collections._parse' /usr/share/ansible/collections/ansible_collections/redhat/rhv/roles/manageiq/meta/main.yml Failed to find main.yml for role in redhat.rhv.
2025-08-21T14:15:23.009027+00:00 ERROR 'ansible_navigator.actions.collections._parse' /usr/share/ansible/collections/ansible_collections/redhat/rhv/roles/remove_stale_lun/meta/argument_specs.yml Failed to find argument_specs.yml for role in redhat.rhv.
2025-08-21T14:15:23.009051+00:00 ERROR 'ansible_navigator.actions.collections._parse' /usr/share/ansible/collections/ansible_collections/redhat/rhv/roles/remove_stale_lun/meta/main.yml Failed to find main.yml for role in redhat.rhv.
2025-08-21T14:15:23.009075+00:00 ERROR 'ansible_navigator.actions.collections._parse' /usr/share/ansible/collections/ansible_collections/redhat/rhv/roles/repositories/meta/argument_specs.yml Failed to find argument_specs.yml for role in redhat.rhv.
2025-08-21T14:15:23.009099+00:00 ERROR 'ansible_navigator.actions.collections._parse' /usr/share/ansible/collections/ansible_collections/redhat/rhv/roles/repositories/meta/main.yml Failed to find main.yml for role in redhat.rhv.
2025-08-21T14:15:23.009123+00:00 ERROR 'ansible_navigator.actions.collections._parse' /usr/share/ansible/collections/ansible_collections/redhat/rhv/roles/shutdown_env/meta/argument_specs.yml Failed to find argument_specs.yml for role in redhat.rhv.
2025-08-21T14:15:23.009147+00:00 ERROR 'ansible_navigator.actions.collections._parse' /usr/share/ansible/collections/ansible_collections/redhat/rhv/roles/shutdown_env/meta/main.yml Failed to find main.yml for role in redhat.rhv.
2025-08-21T14:15:23.009198+00:00 ERROR 'ansible_navigator.actions.collections._parse' /usr/share/ansible/collections/ansible_collections/redhat/rhv/roles/vm_infra/meta/argument_specs.yml Failed to find argument_specs.yml for role in redhat.rhv.
2025-08-21T14:15:23.009224+00:00 ERROR 'ansible_navigator.actions.collections._parse' /usr/share/ansible/collections/ansible_collections/redhat/rhv/roles/vm_infra/meta/main.yml Failed to find main.yml for role in redhat.rhv.
2025-08-21T14:15:23.009248+00:00 ERROR 'ansible_navigator.actions.collections._parse' /usr/share/ansible/collections/ansible_collections/redhat/satellite/roles/activation_keys/meta/argument_specs.yml Failed to find argument_specs.yml for role in redhat.satellite.
2025-08-21T14:15:23.009272+00:00 ERROR 'ansible_navigator.actions.collections._parse' /usr/share/ansible/collections/ansible_collections/redhat/satellite/roles/activation_keys/meta/main.yml Failed to find main.yml for role in redhat.satellite.
2025-08-21T14:15:23.009296+00:00 ERROR 'ansible_navigator.actions.collections._parse' /usr/share/ansible/collections/ansible_collections/redhat/satellite/roles/auth_sources_ldap/meta/argument_specs.yml Failed to find argument_specs.yml for role in redhat.satellite.
2025-08-21T14:15:23.009319+00:00 ERROR 'ansible_navigator.actions.collections._parse' /usr/share/ansible/collections/ansible_collections/redhat/satellite/roles/auth_sources_ldap/meta/main.yml Failed to find main.yml for role in redhat.satellite.
2025-08-21T14:15:23.009342+00:00 ERROR 'ansible_navigator.actions.collections._parse' /usr/share/ansible/collections/ansible_collections/redhat/satellite/roles/compute_profiles/meta/argument_specs.yml Failed to find argument_specs.yml for role in redhat.satellite.
2025-08-21T14:15:23.009366+00:00 ERROR 'ansible_navigator.actions.collections._parse' /usr/share/ansible/collections/ansible_collections/redhat/satellite/roles/compute_profiles/meta/main.yml Failed to find main.yml for role in redhat.satellite.
2025-08-21T14:15:23.009390+00:00 ERROR 'ansible_navigator.actions.collections._parse' /usr/share/ansible/collections/ansible_collections/redhat/satellite/roles/compute_resources/meta/argument_specs.yml Failed to find argument_specs.yml for role in redhat.satellite.
2025-08-21T14:15:23.009418+00:00 ERROR 'ansible_navigator.actions.collections._parse' /usr/share/ansible/collections/ansible_collections/redhat/satellite/roles/compute_resources/meta/main.yml Failed to find main.yml for role in redhat.satellite.
2025-08-21T14:15:23.009442+00:00 ERROR 'ansible_navigator.actions.collections._parse' /usr/share/ansible/collections/ansible_collections/redhat/satellite/roles/content_credentials/meta/argument_specs.yml Failed to find argument_specs.yml for role in redhat.satellite.
2025-08-21T14:15:23.009465+00:00 ERROR 'ansible_navigator.actions.collections._parse' /usr/share/ansible/collections/ansible_collections/redhat/satellite/roles/content_credentials/meta/main.yml Failed to find main.yml for role in redhat.satellite.
2025-08-21T14:15:23.009488+00:00 ERROR 'ansible_navigator.actions.collections._parse' /usr/share/ansible/collections/ansible_collections/redhat/satellite/roles/content_rhel/meta/argument_specs.yml Failed to find argument_specs.yml for role in redhat.satellite.
2025-08-21T14:15:23.009511+00:00 ERROR 'ansible_navigator.actions.collections._parse' /usr/share/ansible/collections/ansible_collections/redhat/satellite/roles/content_rhel/meta/main.yml Failed to find main.yml for role in redhat.satellite.
2025-08-21T14:15:23.009534+00:00 ERROR 'ansible_navigator.actions.collections._parse' /usr/share/ansible/collections/ansible_collections/redhat/satellite/roles/content_view_publish/meta/argument_specs.yml Failed to find argument_specs.yml for role in redhat.satellite.
2025-08-21T14:15:23.009557+00:00 ERROR 'ansible_navigator.actions.collections._parse' /usr/share/ansible/collections/ansible_collections/redhat/satellite/roles/content_view_publish/meta/main.yml Failed to find main.yml for role in redhat.satellite.
2025-08-21T14:15:23.009580+00:00 ERROR 'ansible_navigator.actions.collections._parse' /usr/share/ansible/collections/ansible_collections/redhat/satellite/roles/content_view_version_cleanup/meta/argument_specs.yml Failed to find argument_specs.yml for role in redhat.satellite.
2025-08-21T14:15:23.009607+00:00 ERROR 'ansible_navigator.actions.collections._parse' /usr/share/ansible/collections/ansible_collections/redhat/satellite/roles/content_view_version_cleanup/meta/main.yml Failed to find main.yml for role in redhat.satellite.
2025-08-21T14:15:23.009621+00:00 ERROR 'ansible_navigator.actions.collections._parse' /usr/share/ansible/collections/ansible_collections/redhat/satellite/roles/content_views/meta/argument_specs.yml Failed to find argument_specs.yml for role in redhat.satellite.
2025-08-21T14:15:23.009634+00:00 ERROR 'ansible_navigator.actions.collections._parse' /usr/share/ansible/collections/ansible_collections/redhat/satellite/roles/content_views/meta/main.yml Failed to find main.yml for role in redhat.satellite.
2025-08-21T14:15:23.009648+00:00 ERROR 'ansible_navigator.actions.collections._parse' /usr/share/ansible/collections/ansible_collections/redhat/satellite/roles/convert2rhel/meta/argument_specs.yml Failed to find argument_specs.yml for role in redhat.satellite.
2025-08-21T14:15:23.009732+00:00 ERROR 'ansible_navigator.actions.collections._parse' /usr/share/ansible/collections/ansible_collections/redhat/satellite/roles/convert2rhel/meta/main.yml Failed to find main.yml for role in redhat.satellite.
2025-08-21T14:15:23.009753+00:00 ERROR 'ansible_navigator.actions.collections._parse' /usr/share/ansible/collections/ansible_collections/redhat/satellite/roles/domains/meta/argument_specs.yml Failed to find argument_specs.yml for role in redhat.satellite.
2025-08-21T14:15:23.009767+00:00 ERROR 'ansible_navigator.actions.collections._parse' /usr/share/ansible/collections/ansible_collections/redhat/satellite/roles/domains/meta/main.yml Failed to find main.yml for role in redhat.satellite.
2025-08-21T14:15:23.009781+00:00 ERROR 'ansible_navigator.actions.collections._parse' /usr/share/ansible/collections/ansible_collections/redhat/satellite/roles/hostgroups/meta/argument_specs.yml Failed to find argument_specs.yml for role in redhat.satellite.
2025-08-21T14:15:23.009797+00:00 ERROR 'ansible_navigator.actions.collections._parse' /usr/share/ansible/collections/ansible_collections/redhat/satellite/roles/hostgroups/meta/main.yml Failed to find main.yml for role in redhat.satellite.
2025-08-21T14:15:23.009811+00:00 ERROR 'ansible_navigator.actions.collections._parse' /usr/share/ansible/collections/ansible_collections/redhat/satellite/roles/lifecycle_environments/meta/argument_specs.yml Failed to find argument_specs.yml for role in redhat.satellite.
2025-08-21T14:15:23.009825+00:00 ERROR 'ansible_navigator.actions.collections._parse' /usr/share/ansible/collections/ansible_collections/redhat/satellite/roles/lifecycle_environments/meta/main.yml Failed to find main.yml for role in redhat.satellite.
2025-08-21T14:15:23.009838+00:00 ERROR 'ansible_navigator.actions.collections._parse' /usr/share/ansible/collections/ansible_collections/redhat/satellite/roles/manifest/meta/argument_specs.yml Failed to find argument_specs.yml for role in redhat.satellite.
2025-08-21T14:15:23.009852+00:00 ERROR 'ansible_navigator.actions.collections._parse' /usr/share/ansible/collections/ansible_collections/redhat/satellite/roles/manifest/meta/main.yml Failed to find main.yml for role in redhat.satellite.
2025-08-21T14:15:23.009865+00:00 ERROR 'ansible_navigator.actions.collections._parse' /usr/share/ansible/collections/ansible_collections/redhat/satellite/roles/operatingsystems/meta/argument_specs.yml Failed to find argument_specs.yml for role in redhat.satellite.
2025-08-21T14:15:23.009879+00:00 ERROR 'ansible_navigator.actions.collections._parse' /usr/share/ansible/collections/ansible_collections/redhat/satellite/roles/operatingsystems/meta/main.yml Failed to find main.yml for role in redhat.satellite.
2025-08-21T14:15:23.009892+00:00 ERROR 'ansible_navigator.actions.collections._parse' /usr/share/ansible/collections/ansible_collections/redhat/satellite/roles/organizations/meta/argument_specs.yml Failed to find argument_specs.yml for role in redhat.satellite.
2025-08-21T14:15:23.009905+00:00 ERROR 'ansible_navigator.actions.collections._parse' /usr/share/ansible/collections/ansible_collections/redhat/satellite/roles/organizations/meta/main.yml Failed to find main.yml for role in redhat.satellite.
2025-08-21T14:15:23.009918+00:00 ERROR 'ansible_navigator.actions.collections._parse' /usr/share/ansible/collections/ansible_collections/redhat/satellite/roles/provisioning_templates/meta/argument_specs.yml Failed to find argument_specs.yml for role in redhat.satellite.
2025-08-21T14:15:23.009931+00:00 ERROR 'ansible_navigator.actions.collections._parse' /usr/share/ansible/collections/ansible_collections/redhat/satellite/roles/provisioning_templates/meta/main.yml Failed to find main.yml for role in redhat.satellite.
2025-08-21T14:15:23.009945+00:00 ERROR 'ansible_navigator.actions.collections._parse' /usr/share/ansible/collections/ansible_collections/redhat/satellite/roles/repositories/meta/argument_specs.yml Failed to find argument_specs.yml for role in redhat.satellite.
2025-08-21T14:15:23.009958+00:00 ERROR 'ansible_navigator.actions.collections._parse' /usr/share/ansible/collections/ansible_collections/redhat/satellite/roles/repositories/meta/main.yml Failed to find main.yml for role in redhat.satellite.
2025-08-21T14:15:23.009971+00:00 ERROR 'ansible_navigator.actions.collections._parse' /usr/share/ansible/collections/ansible_collections/redhat/satellite/roles/settings/meta/argument_specs.yml Failed to find argument_specs.yml for role in redhat.satellite.
2025-08-21T14:15:23.009984+00:00 ERROR 'ansible_navigator.actions.collections._parse' /usr/share/ansible/collections/ansible_collections/redhat/satellite/roles/settings/meta/main.yml Failed to find main.yml for role in redhat.satellite.
2025-08-21T14:15:23.009998+00:00 ERROR 'ansible_navigator.actions.collections._parse' /usr/share/ansible/collections/ansible_collections/redhat/satellite/roles/subnets/meta/argument_specs.yml Failed to find argument_specs.yml for role in redhat.satellite.
2025-08-21T14:15:23.010011+00:00 ERROR 'ansible_navigator.actions.collections._parse' /usr/share/ansible/collections/ansible_collections/redhat/satellite/roles/subnets/meta/main.yml Failed to find main.yml for role in redhat.satellite.
2025-08-21T14:15:23.010026+00:00 ERROR 'ansible_navigator.actions.collections._parse' /usr/share/ansible/collections/ansible_collections/redhat/satellite/roles/sync_plans/meta/argument_specs.yml Failed to find argument_specs.yml for role in redhat.satellite.
2025-08-21T14:15:23.010039+00:00 ERROR 'ansible_navigator.actions.collections._parse' /usr/share/ansible/collections/ansible_collections/redhat/satellite/roles/sync_plans/meta/main.yml Failed to find main.yml for role in redhat.satellite.
2025-08-21T14:15:23.010052+00:00 ERROR 'ansible_navigator.actions.collections._parse' /usr/share/ansible/collections/ansible_collections/redhat/rhv/plugins/test/ovirt_proxied_check.py AttributeError (get_docstring): 'AnsibleUnicode' object has no attribute 'get'
2025-08-25T12:22:15.972514+00:00 CRITICAL 'ansible_navigator.actions.run_playbook._handle_message' Unhandled message from runner queue, discarded: {'event': 'verbose', 'uuid': '6d78263e-2faa-42ba-9414-018f139ad6ef', 'counter': 1, 'stdout': '\x1b[1;35m[WARNING]: provided hosts list is empty, only localhost is available. Note that\x1b[0m', 'start_line': 0, 'end_line': 1, 'runner_ident': '7f06498f-3739-4a95-b5cb-56cb865d57a6', 'created': '2025-08-25T12:22:15.971793'}
2025-08-25T12:22:15.973089+00:00 CRITICAL 'ansible_navigator.actions.run_playbook._handle_message' Unhandled message from runner queue, discarded: {'event': 'verbose', 'uuid': 'a59221b7-671a-4c67-8e3e-9d0cc96b06a5', 'counter': 2, 'stdout': "\x1b[1;35mthe implicit localhost does not match 'all'\x1b[0m", 'start_line': 1, 'end_line': 2, 'runner_ident': '7f06498f-3739-4a95-b5cb-56cb865d57a6', 'created': '2025-08-25T12:22:15.971962'}
2025-08-25T12:22:16.096945+00:00 CRITICAL 'ansible_navigator.actions.run_playbook._handle_message' Unhandled message from runner queue, discarded: {'event': 'verbose', 'uuid': 'f9387819-a082-4d33-a793-e2cbe4f27740', 'counter': 3, 'stdout': '\x1b[0;31mERROR! A malformed role declaration was encountered.\x1b[0m', 'start_line': 2, 'end_line': 3, 'runner_ident': '7f06498f-3739-4a95-b5cb-56cb865d57a6', 'created': '2025-08-25T12:22:16.092020'}
2025-08-25T12:22:16.097091+00:00 CRITICAL 'ansible_navigator.actions.run_playbook._handle_message' Unhandled message from runner queue, discarded: {'event': 'verbose', 'uuid': 'd8f1465c-8693-4eaa-9c99-98e2ee8cb249', 'counter': 4, 'stdout': '\x1b[0;31m\x1b[0m', 'start_line': 3, 'end_line': 4, 'runner_ident': '7f06498f-3739-4a95-b5cb-56cb865d57a6', 'created': '2025-08-25T12:22:16.092102'}
2025-08-25T12:22:16.097125+00:00 CRITICAL 'ansible_navigator.actions.run_playbook._handle_message' Unhandled message from runner queue, discarded: {'event': 'verbose', 'uuid': '50cd0d32-e766-4aeb-b01d-5e64c3f66cb4', 'counter': 5, 'stdout': "\x1b[0;31mThe error appears to be in '/home/ansible/role-galaxy/configure_time.yml': line 1, column 3, but may\x1b[0m", 'start_line': 4, 'end_line': 5, 'runner_ident': '7f06498f-3739-4a95-b5cb-56cb865d57a6', 'created': '2025-08-25T12:22:16.092133'}
2025-08-25T12:22:16.097158+00:00 CRITICAL 'ansible_navigator.actions.run_playbook._handle_message' Unhandled message from runner queue, discarded: {'event': 'verbose', 'uuid': '58793220-49cc-45c9-8f22-022e7cafaa68', 'counter': 6, 'stdout': '\x1b[0;31mbe elsewhere in the file depending on the exact syntax problem.\x1b[0m', 'start_line': 5, 'end_line': 6, 'runner_ident': '7f06498f-3739-4a95-b5cb-56cb865d57a6', 'created': '2025-08-25T12:22:16.092162'}
2025-08-25T12:22:16.097226+00:00 CRITICAL 'ansible_navigator.actions.run_playbook._handle_message' Unhandled message from runner queue, discarded: {'event': 'verbose', 'uuid': '5126f57e-e7b2-4242-a66b-984e0a32a243', 'counter': 7, 'stdout': '\x1b[0;31m\x1b[0m', 'start_line': 6, 'end_line': 7, 'runner_ident': '7f06498f-3739-4a95-b5cb-56cb865d57a6', 'created': '2025-08-25T12:22:16.092189'}
2025-08-25T12:22:16.097263+00:00 CRITICAL 'ansible_navigator.actions.run_playbook._handle_message' Unhandled message from runner queue, discarded: {'event': 'verbose', 'uuid': 'e8d31095-53a6-4db0-9f9b-444d65a3a21e', 'counter': 8, 'stdout': '\x1b[0;31mThe offending line appears to be:\x1b[0m', 'start_line': 7, 'end_line': 8, 'runner_ident': '7f06498f-3739-4a95-b5cb-56cb865d57a6', 'created': '2025-08-25T12:22:16.092214'}
2025-08-25T12:22:16.097304+00:00 CRITICAL 'ansible_navigator.actions.run_playbook._handle_message' Unhandled message from runner queue, discarded: {'event': 'verbose', 'uuid': '4ad4b48e-bc80-4d95-adac-0fae0075442d', 'counter': 9, 'stdout': '\x1b[0;31m\x1b[0m', 'start_line': 8, 'end_line': 9, 'runner_ident': '7f06498f-3739-4a95-b5cb-56cb865d57a6', 'created': '2025-08-25T12:22:16.092281'}
2025-08-25T12:22:16.097332+00:00 CRITICAL 'ansible_navigator.actions.run_playbook._handle_message' Unhandled message from runner queue, discarded: {'event': 'verbose', 'uuid': '943bfdc6-3803-409c-8ae0-e4cf1e746bbc', 'counter': 10, 'stdout': '\x1b[0;31m\x1b[0m', 'start_line': 9, 'end_line': 10, 'runner_ident': '7f06498f-3739-4a95-b5cb-56cb865d57a6', 'created': '2025-08-25T12:22:16.092314'}
2025-08-25T12:22:16.097360+00:00 CRITICAL 'ansible_navigator.actions.run_playbook._handle_message' Unhandled message from runner queue, discarded: {'event': 'verbose', 'uuid': '34c9be46-eb1e-4b7a-883e-8dba41a6e912', 'counter': 11, 'stdout': '\x1b[0;31m- name: time sync\x1b[0m', 'start_line': 10, 'end_line': 11, 'runner_ident': '7f06498f-3739-4a95-b5cb-56cb865d57a6', 'created': '2025-08-25T12:22:16.092341'}
2025-08-25T12:22:16.097396+00:00 CRITICAL 'ansible_navigator.actions.run_playbook._handle_message' Unhandled message from runner queue, discarded: {'event': 'verbose', 'uuid': 'c8b62d24-c115-463a-9232-af3be4824676', 'counter': 12, 'stdout': '\x1b[0;31m  ^ here\x1b[0m', 'start_line': 11, 'end_line': 12, 'runner_ident': '7f06498f-3739-4a95-b5cb-56cb865d57a6', 'created': '2025-08-25T12:22:16.092367'}
2025-08-25T12:23:07.746405+00:00 CRITICAL 'ansible_navigator.actions.run_playbook._handle_message' Unhandled message from runner queue, discarded: {'event': 'verbose', 'uuid': '93638c12-dc4d-4d61-9b35-40149913247d', 'counter': 1, 'stdout': '\x1b[1;35m[WARNING]: provided hosts list is empty, only localhost is available. Note that\x1b[0m', 'start_line': 0, 'end_line': 1, 'runner_ident': 'e02ca7fa-c413-4318-8542-eab2f579006b', 'created': '2025-08-25T12:23:07.738154'}
2025-08-25T12:23:07.746767+00:00 CRITICAL 'ansible_navigator.actions.run_playbook._handle_message' Unhandled message from runner queue, discarded: {'event': 'verbose', 'uuid': '27a549c7-a8d7-4f00-8624-486b6a30b105', 'counter': 2, 'stdout': "\x1b[1;35mthe implicit localhost does not match 'all'\x1b[0m", 'start_line': 1, 'end_line': 2, 'runner_ident': 'e02ca7fa-c413-4318-8542-eab2f579006b', 'created': '2025-08-25T12:23:07.738423'}
2025-08-25T12:23:07.829752+00:00 CRITICAL 'ansible_navigator.actions.run_playbook._handle_message' Unhandled message from runner queue, discarded: {'event': 'verbose', 'uuid': '42d83496-b15b-42dc-a6d9-9f15fa87daa6', 'counter': 3, 'stdout': '\x1b[1;35m[WARNING]: Collection fedora.linux_system_roles does not support Ansible\x1b[0m', 'start_line': 2, 'end_line': 3, 'runner_ident': 'e02ca7fa-c413-4318-8542-eab2f579006b', 'created': '2025-08-25T12:23:07.825132'}
2025-08-25T12:23:07.829849+00:00 CRITICAL 'ansible_navigator.actions.run_playbook._handle_message' Unhandled message from runner queue, discarded: {'event': 'verbose', 'uuid': '6b047ae4-e64b-4e6d-829f-4468f071fc67', 'counter': 4, 'stdout': '\x1b[1;35mversion 2.13.10\x1b[0m', 'start_line': 3, 'end_line': 4, 'runner_ident': 'e02ca7fa-c413-4318-8542-eab2f579006b', 'created': '2025-08-25T12:23:07.825214'}
2025-08-25T12:23:07.871440+00:00 CRITICAL 'ansible_navigator.actions.run_playbook._handle_message' Unhandled message from runner queue, discarded: {'event': 'verbose', 'uuid': '005e76c8-8d2b-4b4e-b20e-dd6519331e21', 'counter': 5, 'stdout': '\x1b[1;35m[WARNING]: Could not match supplied host pattern, ignoring: database_servers\x1b[0m', 'start_line': 4, 'end_line': 5, 'runner_ident': 'e02ca7fa-c413-4318-8542-eab2f579006b', 'created': '2025-08-25T12:23:07.869746'}
2025-08-25T12:23:07.871552+00:00 CRITICAL 'ansible_navigator.actions.run_playbook._handle_message' Unhandled message from runner queue, discarded: {'event': 'verbose', 'uuid': '302231d2-f486-4f1e-adcb-d88181db6857', 'counter': 6, 'stdout': '', 'start_line': 5, 'end_line': 6, 'runner_ident': 'e02ca7fa-c413-4318-8542-eab2f579006b', 'created': '2025-08-25T12:23:07.870346'}
2025-08-25T12:23:07.871605+00:00 CRITICAL 'ansible_navigator.actions.run_playbook._handle_message' Unhandled message from runner queue, discarded: {'event': 'verbose', 'uuid': '13c1b9d2-bacf-4229-ab42-1079d24bf246', 'counter': 7, 'stdout': 'playbook: /home/ansible/role-galaxy/configure_time.yml', 'start_line': 6, 'end_line': 7, 'runner_ident': 'e02ca7fa-c413-4318-8542-eab2f579006b', 'created': '2025-08-25T12:23:07.870398'}
